<?xml version="1.0" encoding="UTF-8"?>
<!-- Generated by org.testng.reporters.JUnitReportReporter -->
<testsuite hostname="LAPTOP-TB9982D8" failures="0" tests="1" name="com.shoppingapp.testscripts.DeliveryTheProduct" time="70.307" errors="0" timestamp="30 Jun 2021 15:05:31 GMT" skipped="0">
  <testcase classname="com.shoppingapp.testscripts.DeliveryTheProduct" name="productDelivery" time="70.307"/>
</testsuite> <!-- com.shoppingapp.testscripts.DeliveryTheProduct -->
